生成启动时间为 2016/4/9 17:17:51。
     1>项目“D:\Projects\大数计算器\大数计算器\大数计算器.vcxproj”在节点 2 上(Build 个目标)。
     1>ClCompile:
         C:\Program Files (x86)\Microsoft Visual Studio 12.0\VC\bin\CL.exe /c /Zi /nologo /W3 /WX- /sdl /O2 /Oi /Oy- /GL /D _UNICODE /D UNICODE /Gm- /EHsc /MD /GS /Gy /fp:precise /Zc:wchar_t /Zc:forScope /Fo"Release\\" /Fd"Release\vc120.pdb" /Gd /TP /analyze- /errorReport:prompt 1.cpp
         1.cpp
     1>1.cpp(91): warning C4018: “<”: 有符号/无符号不匹配
     1>1.cpp(243): warning C4018: “<”: 有符号/无符号不匹配
     1>1.cpp(319): warning C4018: “<”: 有符号/无符号不匹配
     1>1.cpp(338): warning C4018: “<”: 有符号/无符号不匹配
     1>1.cpp(556): warning C4018: “<”: 有符号/无符号不匹配
     1>1.cpp(570): warning C4018: “<”: 有符号/无符号不匹配
     1>1.cpp(834): warning C4018: “<”: 有符号/无符号不匹配
     1>1.cpp(1030): warning C4018: “<”: 有符号/无符号不匹配
     1>1.cpp(1083): warning C4018: “<”: 有符号/无符号不匹配
       Link:
         C:\Program Files (x86)\Microsoft Visual Studio 12.0\VC\bin\link.exe /ERRORREPORT:PROMPT /OUT:"D:\Projects\大数计算器\Release\大数计算器.exe" /NOLOGO kernel32.lib user32.lib gdi32.lib winspool.lib comdlg32.lib advapi32.lib shell32.lib ole32.lib oleaut32.lib uuid.lib odbc32.lib odbccp32.lib /MANIFEST /MANIFESTUAC:"level='asInvoker' uiAccess='false'" /manifest:embed /DEBUG /PDB:"D:\Projects\大数计算器\Release\大数计算器.pdb" /OPT:REF /OPT:ICF /LTCG /TLBID:1 /DYNAMICBASE /NXCOMPAT /IMPLIB:"D:\Projects\大数计算器\Release\大数计算器.lib" /MACHINE:X86 /SAFESEH Release\1.obj
         正在生成代码
         已完成代码的生成
         大数计算器.vcxproj -> D:\Projects\大数计算器\Release\大数计算器.exe
     1>已完成生成项目“D:\Projects\大数计算器\大数计算器\大数计算器.vcxproj”(Build 个目标)的操作。

生成成功。

已用时间 00:00:05.21
